<?xml version="1.0" encoding="UTF-8"?>
<testng-results skipped="0" failed="0" total="1" passed="1">
  <reporter-output>
    <line>
      <![CDATA[[15:46:09] : <b><FONT SIZE="2">Launched Google Site</FONT></b><br>]]>
    </line>
    <line>
      <![CDATA[[15:46:09] : <b><FONT SIZE="2">Launched Google Site</FONT></b><br>]]>
    </line>
    <line>
      <![CDATA[[15:46:09] : <b><FONT SIZE="2">Verify the Home Page Logo</FONT></b><br>]]>
    </line>
    <line>
      <![CDATA[[15:46:10] : <b><FONT SIZE="2">Click on Sign In</FONT></b><br>]]>
    </line>
    <line>
      <![CDATA[[15:46:14] : <b><FONT SIZE="2">Enter User Name</FONT></b><br>]]>
    </line>
    <line>
      <![CDATA[[15:46:21] : <b><FONT SIZE="2">Click on Next Button</FONT></b><br>]]>
    </line>
    <line>
      <![CDATA[[15:46:24] : <b><FONT SIZE="2">User Name Provided</FONT></b><br>]]>
    </line>
    <line>
      <![CDATA[[15:46:25] : <b><FONT SIZE="2">Enter Password</FONT></b><br>]]>
    </line>
    <line>
      <![CDATA[[15:46:29] : <b><FONT SIZE="2">Click on Sing In Button</FONT></b><br>]]>
    </line>
    <line>
      <![CDATA[[15:46:34] : <b><FONT SIZE="2">User Logged In</FONT></b><br>]]>
    </line>
    <line>
      <![CDATA[[15:46:34] : <b><FONT SIZE="2">Search for keyword <B>testing for images</B> from home page</FONT></b><br>]]>
    </line>
    <line>
      <![CDATA[[15:46:43] : <b><FONT SIZE="2">signOut Successful.</FONT></b><br>]]>
    </line>
    <line>
      <![CDATA[[15:46:43] : <b><FONT SIZE="2">Close Browser</FONT></b><br>]]>
    </line>
    <line>
      <![CDATA[Test completed : Login]]>
    </line>
    <line>
      <![CDATA[<br><a href=..\com.tests.SampleTest.Login.ogg >Video</a>]]>
    </line>
  </reporter-output>
  <suite name="somename" duration-ms="103543" started-at="2016-01-05T10:15:11Z" finished-at="2016-01-05T10:16:55Z">
    <groups>
      <group name="Test_Script">
        <method signature="SampleTest.Login()[pri:0, instance:com.tests.SampleTest@17b1517]" name="Login" class="com.tests.SampleTest"/>
      </group> <!-- Test_Script -->
    </groups>
    <test name="GRP-Test_Script" duration-ms="103543" started-at="2016-01-05T10:15:11Z" finished-at="2016-01-05T10:16:55Z">
      <class name="com.tests.SampleTest">
        <test-method status="PASS" signature="setUp(java.lang.reflect.Method)[pri:0, instance:com.tests.SampleTest@17b1517]" name="setUp" is-config="true" duration-ms="58120" started-at="2016-01-05T15:45:11Z" finished-at="2016-01-05T15:46:09Z">
          <params>
            <param index="0">
              <value>
                <![CDATA[public void com.tests.SampleTest.Login()]]>
              </value>
            </param>
          </params>
          <reporter-output>
          </reporter-output>
        </test-method> <!-- setUp -->
        <test-method status="PASS" signature="Login()[pri:0, instance:com.tests.SampleTest@17b1517]" name="Login" duration-ms="33593" started-at="2016-01-05T15:46:09Z" description="Log in to Target and Search" finished-at="2016-01-05T15:46:43Z">
          <reporter-output>
            <line>
              <![CDATA[[15:46:09] : <b><FONT SIZE="2">Launched Google Site</FONT></b><br>]]>
            </line>
            <line>
              <![CDATA[[15:46:09] : <b><FONT SIZE="2">Launched Google Site</FONT></b><br>]]>
            </line>
            <line>
              <![CDATA[[15:46:09] : <b><FONT SIZE="2">Verify the Home Page Logo</FONT></b><br>]]>
            </line>
            <line>
              <![CDATA[[15:46:10] : <b><FONT SIZE="2">Click on Sign In</FONT></b><br>]]>
            </line>
            <line>
              <![CDATA[[15:46:14] : <b><FONT SIZE="2">Enter User Name</FONT></b><br>]]>
            </line>
            <line>
              <![CDATA[[15:46:21] : <b><FONT SIZE="2">Click on Next Button</FONT></b><br>]]>
            </line>
            <line>
              <![CDATA[[15:46:24] : <b><FONT SIZE="2">User Name Provided</FONT></b><br>]]>
            </line>
            <line>
              <![CDATA[[15:46:25] : <b><FONT SIZE="2">Enter Password</FONT></b><br>]]>
            </line>
            <line>
              <![CDATA[[15:46:29] : <b><FONT SIZE="2">Click on Sing In Button</FONT></b><br>]]>
            </line>
            <line>
              <![CDATA[[15:46:34] : <b><FONT SIZE="2">User Logged In</FONT></b><br>]]>
            </line>
            <line>
              <![CDATA[[15:46:34] : <b><FONT SIZE="2">Search for keyword <B>testing for images</B> from home page</FONT></b><br>]]>
            </line>
            <line>
              <![CDATA[[15:46:43] : <b><FONT SIZE="2">signOut Successful.</FONT></b><br>]]>
            </line>
            <line>
              <![CDATA[[15:46:43] : <b><FONT SIZE="2">Close Browser</FONT></b><br>]]>
            </line>
            <line>
              <![CDATA[Test completed : Login]]>
            </line>
            <line>
              <![CDATA[<br><a href=..\com.tests.SampleTest.Login.ogg >Video</a>]]>
            </line>
          </reporter-output>
        </test-method> <!-- Login -->
      </class> <!-- com.tests.SampleTest -->
    </test> <!-- GRP-Test_Script -->
  </suite> <!-- somename -->
</testng-results>
